  Overload 2 of 2, '(values: { action: string | SQL<unknown> | Placeholder<string, any>; adminUserId: string | SQL<unknown> | Placeholder<string, any>; }[]): PgInsertBase<PgTableWithColumns<{ name: "dashboard_access_logs"; schema: undefined; columns: { ...; }; dialect: "pg"; }>, ... 4 more ..., never>', gave the following error.
    Object literal may only specify known properties, and 'adminUserId' does not exist in type '{ action: string | SQL<unknown> | Placeholder<string, any>; adminUserId: string | SQL<unknown> | Placeholder<string, any>; }[]'.
server/storage.ts(2386,39): error TS2769: No overload matches this call.
  Overload 1 of 2, '(value: { role: string | SQL<unknown> | Placeholder<string, any>; userId: string | SQL<unknown> | Placeholder<string, any>; }): PgInsertBase<PgTableWithColumns<{ name: "user_onboarding"; schema: undefined; columns: { ...; }; dialect: "pg"; }>, ... 4 more ..., never>', gave the following error.
    Object literal may only specify known properties, and 'lastInteractionAt' does not exist in type '{ role: string | SQL<unknown> | Placeholder<string, any>; userId: string | SQL<unknown> | Placeholder<string, any>; }'.
  Overload 2 of 2, '(values: { role: string | SQL<unknown> | Placeholder<string, any>; userId: string | SQL<unknown> | Placeholder<string, any>; }[]): PgInsertBase<PgTableWithColumns<{ name: "user_onboarding"; schema: undefined; columns: { ...; }; dialect: "pg"; }>, ... 4 more ..., never>', gave the following error.
    Object literal may only specify known properties, and 'userId' does not exist in type '{ role: string | SQL<unknown> | Placeholder<string, any>; userId: string | SQL<unknown> | Placeholder<string, any>; }[]'.
server/storage.ts(2398,11): error TS2353: Object literal may only specify known properties, and 'lastInteractionAt' does not exist in type '{ role?: string | SQL<unknown> | PgColumn<ColumnBaseConfig<ColumnDataType, string>, {}, {}>; userId?: string | SQL<unknown> | PgColumn<ColumnBaseConfig<ColumnDataType, string>, {}, {}>; }'.
server/storage.ts(2408,9): error TS2353: Object literal may only specify known properties, and 'onboardingCompleted' does not exist in type '{ role?: string | SQL<unknown> | PgColumn<ColumnBaseConfig<ColumnDataType, string>, {}, {}>; userId?: string | SQL<unknown> | PgColumn<ColumnBaseConfig<ColumnDataType, string>, {}, {}>; }'.
server/utils/email.ts(25,47): error TS2339: Property 'items' does not exist on type 'unknown'.
server/utils/integrityAlerts.ts(28,47): error TS2339: Property 'items' does not exist on type 'unknown'.
server/utils/integrityAlerts.ts(115,9): error TS2353: Object literal may only specify known properties, and 'lastSeenAt' does not exist in type '{ signatureId?: string | SQL<unknown> | PgColumn<ColumnBaseConfig<ColumnDataType, string>, {}, {}>; category?: string | SQL<unknown> | PgColumn<...>; }'.
server/utils/integrityAlerts.ts(124,38): error TS2769: No overload matches this call.
  Overload 1 of 2, '(value: { signatureId: string | SQL<unknown> | Placeholder<string, any>; category: string | SQL<unknown> | Placeholder<string, any>; }): PgInsertBase<PgTableWithColumns<{ name: "integrity_alerts"; schema: undefined; columns: { ...; }; dialect: "pg"; }>, ... 4 more ..., never>', gave the following error.
    Object literal may only specify known properties, and 'occurrenceCount' does not exist in type '{ signatureId: string | SQL<unknown> | Placeholder<string, any>; category: string | SQL<unknown> | Placeholder<string, any>; }'.
  Overload 2 of 2, '(values: { signatureId: string | SQL<unknown> | Placeholder<string, any>; category: string | SQL<unknown> | Placeholder<string, any>; }[]): PgInsertBase<PgTableWithColumns<{ name: "integrity_alerts"; schema: undefined; columns: { ...; }; dialect: "pg"; }>, ... 4 more ..., never>', gave the following error.
    Object literal may only specify known properties, and 'signatureId' does not exist in type '{ signatureId: string | SQL<unknown> | Placeholder<string, any>; category: string | SQL<unknown> | Placeholder<string, any>; }[]'.
server/utils/integrityAlerts.ts(430,7): error TS2353: Object literal may only specify known properties, and 'resolved' does not exist in type '{ signatureId?: string | SQL<unknown> | PgColumn<ColumnBaseConfig<ColumnDataType, string>, {}, {}>; category?: string | SQL<unknown> | PgColumn<...>; }'.
server/utils/integrityAlerts.ts(436,40): error TS2769: No overload matches this call.
  Overload 1 of 2, '(value: { action: string | SQL<unknown> | Placeholder<string, any>; adminUserId: string | SQL<unknown> | Placeholder<string, any>; }): PgInsertBase<PgTableWithColumns<{ name: "dashboard_access_logs"; schema: undefined; columns: { ...; }; dialect: "pg"; }>, ... 4 more ..., never>', gave the following error.
    Object literal may only specify known properties, and 'metadata' does not exist in type '{ action: string | SQL<unknown> | Placeholder<string, any>; adminUserId: string | SQL<unknown> | Placeholder<string, any>; }'.
  Overload 2 of 2, '(values: { action: string | SQL<unknown> | Placeholder<string, any>; adminUserId: string | SQL<unknown> | Placeholder<string, any>; }[]): PgInsertBase<PgTableWithColumns<{ name: "dashboard_access_logs"; schema: undefined; columns: { ...; }; dialect: "pg"; }>, ... 4 more ..., never>', gave the following error.
    Object literal may only specify known properties, and 'adminUserId' does not exist in type '{ action: string | SQL<unknown> | Placeholder<string, any>; adminUserId: string | SQL<unknown> | Placeholder<string, any>; }[]'.
server/workflow-automation.ts(15,8): error TS2307: Cannot find module '@db/schema' or its corresponding type declarations.
shared/schema.ts(588,3): error TS2322: Type 'boolean' is not assignable to type 'never'.
shared/schema.ts(589,3): error TS2322: Type 'boolean' is not assignable to type 'never'.
shared/schema.ts(590,3): error TS2322: Type 'boolean' is not assignable to type 'never'.
shared/schema.ts(591,3): error TS2322: Type 'boolean' is not assignable to type 'never'.
shared/schema.ts(592,3): error TS2322: Type 'boolean' is not assignable to type 'never'.
shared/schema.ts(593,3): error TS2322: Type 'boolean' is not assignable to type 'never'.
shared/schema.ts(631,3): error TS2322: Type 'boolean' is not assignable to type 'never'.
shared/schema.ts(632,3): error TS2322: Type 'boolean' is not assignable to type 'never'.
shared/schema.ts(633,3): error TS2322: Type 'boolean' is not assignable to type 'never'.
shared/schema.ts(634,3): error TS2322: Type 'boolean' is not assignable to type 'never'.
shared/schema.ts(635,3): error TS2322: Type 'boolean' is not assignable to type 'never'.
shared/schema.ts(639,3): error TS2322: Type 'boolean' is not assignable to type 'never'.
shared/schema.ts(640,3): error TS2322: Type 'boolean' is not assignable to type 'never'.
shared/schema.ts(641,3): error TS2322: Type 'boolean' is not assignable to type 'never'.
shared/schema.ts(657,3): error TS2322: Type 'boolean' is not assignable to type 'never'.
shared/schema.ts(658,3): error TS2322: Type 'boolean' is not assignable to type 'never'.
shared/schema.ts(659,3): error TS2322: Type 'boolean' is not assignable to type 'never'.
shared/schema.ts(663,3): error TS2322: Type 'boolean' is not assignable to type 'never'.
shared/schema.ts(664,3): error TS2322: Type 'boolean' is not assignable to type 'never'.
shared/schema.ts(668,3): error TS2322: Type 'boolean' is not assignable to type 'never'.
shared/schema.ts(669,3): error TS2322: Type 'boolean' is not assignable to type 'never'.
shared/schema.ts(670,3): error TS2322: Type 'boolean' is not assignable to type 'never'.
shared/schema.ts(674,3): error TS2322: Type 'boolean' is not assignable to type 'never'.
shared/schema.ts(675,3): error TS2322: Type 'boolean' is not assignable to type 'never'.
shared/schema.ts(676,3): error TS2322: Type 'boolean' is not assignable to type 'never'.
shared/schema.ts(680,3): error TS2322: Type 'boolean' is not assignable to type 'never'.
shared/schema.ts(681,3): error TS2322: Type 'boolean' is not assignable to type 'never'.
shared/schema.ts(682,3): error TS2322: Type 'boolean' is not assignable to type 'never'.
shared/schema.ts(702,3): error TS2322: Type 'boolean' is not assignable to type 'never'.
shared/schema.ts(703,3): error TS2322: Type 'boolean' is not assignable to type 'never'.
shared/schema.ts(704,3): error TS2322: Type 'boolean' is not assignable to type 'never'.
shared/schema.ts(705,3): error TS2322: Type 'boolean' is not assignable to type 'never'.
shared/schema.ts(706,3): error TS2322: Type 'boolean' is not assignable to type 'never'.
shared/schema.ts(707,3): error TS2322: Type 'boolean' is not assignable to type 'never'.
shared/schema.ts(708,3): error TS2322: Type 'boolean' is not assignable to type 'never'.
shared/schema.ts(709,3): error TS2322: Type 'boolean' is not assignable to type 'never'.
shared/schema.ts(715,3): error TS2322: Type 'boolean' is not assignable to type 'never'.
shared/schema.ts(716,3): error TS2322: Type 'boolean' is not assignable to type 'never'.
shared/schema.ts(717,3): error TS2322: Type 'boolean' is not assignable to type 'never'.
shared/schema.ts(729,3): error TS2322: Type 'boolean' is not assignable to type 'never'.
shared/schema.ts(730,3): error TS2322: Type 'boolean' is not assignable to type 'never'.
shared/schema.ts(731,3): error TS2322: Type 'boolean' is not assignable to type 'never'.
shared/schema.ts(735,3): error TS2322: Type 'boolean' is not assignable to type 'never'.
shared/schema.ts(736,3): error TS2322: Type 'boolean' is not assignable to type 'never'.
shared/schema.ts(737,3): error TS2322: Type 'boolean' is not assignable to type 'never'.
shared/schema.ts(741,3): error TS2322: Type 'boolean' is not assignable to type 'never'.
shared/schema.ts(742,3): error TS2322: Type 'boolean' is not assignable to type 'never'.
shared/schema.ts(746,3): error TS2322: Type 'boolean' is not assignable to type 'never'.
shared/schema.ts(747,3): error TS2322: Type 'boolean' is not assignable to type 'never'.
shared/schema.ts(748,3): error TS2322: Type 'boolean' is not assignable to type 'never'.
shared/schema.ts(752,3): error TS2322: Type 'boolean' is not assignable to type 'never'.
shared/schema.ts(753,3): error TS2322: Type 'boolean' is not assignable to type 'never'.
shared/schema.ts(1017,3): error TS2322: Type 'boolean' is not assignable to type 'never'.
shared/schema.ts(1018,3): error TS2322: Type 'boolean' is not assignable to type 'never'.
shared/schema.ts(1019,3): error TS2322: Type 'boolean' is not assignable to type 'never'.
shared/schema.ts(1023,3): error TS2322: Type 'boolean' is not assignable to type 'never'.
shared/schema.ts(1024,3): error TS2322: Type 'boolean' is not assignable to type 'never'.
shared/schema.ts(1025,3): error TS2322: Type 'boolean' is not assignable to type 'never'.
shared/schema.ts(1029,3): error TS2322: Type 'boolean' is not assignable to type 'never'.
shared/schema.ts(1030,3): error TS2322: Type 'boolean' is not assignable to type 'never'.
shared/schema.ts(1031,3): error TS2322: Type 'boolean' is not assignable to type 'never'.
shared/schema.ts(1035,3): error TS2322: Type 'boolean' is not assignable to type 'never'.
shared/schema.ts(1036,3): error TS2322: Type 'boolean' is not assignable to type 'never'.
shared/schema.ts(1037,3): error TS2322: Type 'boolean' is not assignable to type 'never'.
shared/schema.ts(1041,3): error TS2322: Type 'boolean' is not assignable to type 'never'.
shared/schema.ts(1042,3): error TS2322: Type 'boolean' is not assignable to type 'never'.
shared/schema.ts(1043,3): error TS2322: Type 'boolean' is not assignable to type 'never'.
shared/schema.ts(1066,3): error TS2322: Type 'boolean' is not assignable to type 'never'.
shared/schema.ts(1067,3): error TS2322: Type 'boolean' is not assignable to type 'never'.
shared/schema.ts(1084,3): error TS2322: Type 'boolean' is not assignable to type 'never'.
shared/schema.ts(1085,3): error TS2322: Type 'boolean' is not assignable to type 'never'.
shared/schema.ts(1106,3): error TS2322: Type 'boolean' is not assignable to type 'never'.
shared/schema.ts(1107,3): error TS2322: Type 'boolean' is not assignable to type 'never'.
shared/schema.ts(1108,3): error TS2322: Type 'boolean' is not assignable to type 'never'.
shared/schema.ts(1147,3): error TS2322: Type 'boolean' is not assignable to type 'never'.
shared/schema.ts(1148,3): error TS2322: Type 'boolean' is not assignable to type 'never'.
shared/schema.ts(1149,3): error TS2322: Type 'boolean' is not assignable to type 'never'.
==> Build failed ðŸ˜ž

the alga backend shows me this error is that i need to deploye in 1 render named alga app not separation to solve the error