  Overload 2 of 2, '(values: { location: string | SQL<unknown> | Placeholder<string, any>; propertyId: number | SQL<unknown> | Placeholder<string, any>; }[]): PgInsertBase<PgTableWithColumns<{ name: "security_cameras"; schema: undefined; columns: { ...; }; dialect: "pg"; }>, ... 4 more ..., never>', gave the following error.
    Argument of type '{}' is not assignable to parameter of type '{ location: string | SQL<unknown> | Placeholder<string, any>; propertyId: number | SQL<unknown> | Placeholder<string, any>; }[]'.
      Type '{}' is missing the following properties from type '{ location: string | SQL<unknown> | Placeholder<string, any>; propertyId: number | SQL<unknown> | Placeholder<string, any>; }[]': length, pop, push, concat, and 29 more.
server/storage.ts(1276,15): error TS2769: No overload matches this call.
  Overload 1 of 2, '(value: { userId: string | SQL<unknown> | Placeholder<string, any>; description: string | SQL<unknown> | Placeholder<string, any>; city: string | SQL<unknown> | Placeholder<...>; ... 4 more ...; basePrice: string | ... 1 more ... | Placeholder<...>; }): PgInsertBase<...>', gave the following error.
    Argument of type '{ serviceType?: "cleaning" | "laundry" | "airport_pickup" | "electrical" | "plumbing" | "driver" | "welcome_pack" | "meal_support" | "local_guide" | "photography" | "landscaping" | "self_care"; }' is not assignable to parameter of type '{ userId: string | SQL<unknown> | Placeholder<string, any>; description: string | SQL<unknown> | Placeholder<string, any>; city: string | SQL<unknown> | Placeholder<...>; ... 4 more ...; basePrice: string | ... 1 more ... | Placeholder<...>; }'.
      Type '{ serviceType?: "cleaning" | "laundry" | "airport_pickup" | "electrical" | "plumbing" | "driver" | "welcome_pack" | "meal_support" | "local_guide" | "photography" | "landscaping" | "self_care"; }' is missing the following properties from type '{ userId: string | SQL<unknown> | Placeholder<string, any>; description: string | SQL<unknown> | Placeholder<string, any>; city: string | SQL<unknown> | Placeholder<...>; ... 4 more ...; basePrice: string | ... 1 more ... | Placeholder<...>; }': userId, description, city, region, and 3 more.
  Overload 2 of 2, '(values: { userId: string | SQL<unknown> | Placeholder<string, any>; description: string | SQL<unknown> | Placeholder<string, any>; city: string | SQL<unknown> | Placeholder<...>; ... 4 more ...; basePrice: string | ... 1 more ... | Placeholder<...>; }[]): PgInsertBase<...>', gave the following error.
    Argument of type '{ serviceType?: "cleaning" | "laundry" | "airport_pickup" | "electrical" | "plumbing" | "driver" | "welcome_pack" | "meal_support" | "local_guide" | "photography" | "landscaping" | "self_care"; }' is not assignable to parameter of type '{ userId: string | SQL<unknown> | Placeholder<string, any>; description: string | SQL<unknown> | Placeholder<string, any>; city: string | SQL<unknown> | Placeholder<...>; ... 4 more ...; basePrice: string | ... 1 more ... | Placeholder<...>; }[]'.
      Type '{ serviceType?: "cleaning" | "laundry" | "airport_pickup" | "electrical" | "plumbing" | "driver" | "welcome_pack" | "meal_support" | "local_guide" | "photography" | "landscaping" | "self_care"; }' is missing the following properties from type '{ userId: string | SQL<unknown> | Placeholder<string, any>; description: string | SQL<unknown> | Placeholder<string, any>; city: string | SQL<unknown> | Placeholder<...>; ... 4 more ...; basePrice: string | ... 1 more ... | Placeholder<...>; }[]': length, pop, push, concat, and 29 more.
server/storage.ts(1348,15): error TS2769: No overload matches this call.
  Overload 1 of 2, '(value: { guestId: string | SQL<unknown> | Placeholder<string, any>; totalPrice: string | SQL<unknown> | Placeholder<string, any>; serviceType: string | SQL<...> | Placeholder<...>; serviceProviderId: number | ... 1 more ... | Placeholder<...>; scheduledDate: Date | ... 1 more ... | Placeholder<...>; }): PgInsertBase<...>', gave the following error.
    Argument of type '{ totalPrice?: string; serviceType?: "cleaning" | "laundry" | "airport_pickup" | "electrical" | "plumbing" | "driver" | "welcome_pack" | "meal_support" | "local_guide" | "photography" | "landscaping" | "self_care"; scheduledDate?: Date; }' is not assignable to parameter of type '{ guestId: string | SQL<unknown> | Placeholder<string, any>; totalPrice: string | SQL<unknown> | Placeholder<string, any>; serviceType: string | SQL<unknown> | Placeholder<...>; serviceProviderId: number | ... 1 more ... | Placeholder<...>; scheduledDate: Date | ... 1 more ... | Placeholder<...>; }'.
      Type '{ totalPrice?: string; serviceType?: "cleaning" | "laundry" | "airport_pickup" | "electrical" | "plumbing" | "driver" | "welcome_pack" | "meal_support" | "local_guide" | "photography" | "landscaping" | "self_care"; scheduledDate?: Date; }' is missing the following properties from type '{ guestId: string | SQL<unknown> | Placeholder<string, any>; totalPrice: string | SQL<unknown> | Placeholder<string, any>; serviceType: string | SQL<unknown> | Placeholder<...>; serviceProviderId: number | ... 1 more ... | Placeholder<...>; scheduledDate: Date | ... 1 more ... | Placeholder<...>; }': guestId, serviceProviderId
  Overload 2 of 2, '(values: { guestId: string | SQL<unknown> | Placeholder<string, any>; totalPrice: string | SQL<unknown> | Placeholder<string, any>; serviceType: string | SQL<...> | Placeholder<...>; serviceProviderId: number | ... 1 more ... | Placeholder<...>; scheduledDate: Date | ... 1 more ... | Placeholder<...>; }[]): PgInsertBase<...>', gave the following error.
    Argument of type '{ totalPrice?: string; serviceType?: "cleaning" | "laundry" | "airport_pickup" | "electrical" | "plumbing" | "driver" | "welcome_pack" | "meal_support" | "local_guide" | "photography" | "landscaping" | "self_care"; scheduledDate?: Date; }' is not assignable to parameter of type '{ guestId: string | SQL<unknown> | Placeholder<string, any>; totalPrice: string | SQL<unknown> | Placeholder<string, any>; serviceType: string | SQL<unknown> | Placeholder<...>; serviceProviderId: number | ... 1 more ... | Placeholder<...>; scheduledDate: Date | ... 1 more ... | Placeholder<...>; }[]'.
      Type '{ totalPrice?: string; serviceType?: "cleaning" | "laundry" | "airport_pickup" | "electrical" | "plumbing" | "driver" | "welcome_pack" | "meal_support" | "local_guide" | "photography" | "landscaping" | "self_care"; scheduledDate?: Date; }' is missing the following properties from type '{ guestId: string | SQL<unknown> | Placeholder<string, any>; totalPrice: string | SQL<unknown> | Placeholder<string, any>; serviceType: string | SQL<unknown> | Placeholder<...>; serviceProviderId: number | ... 1 more ... | Placeholder<...>; scheduledDate: Date | ... 1 more ... | Placeholder<...>; }[]': length, pop, push, concat, and 29 more.
server/storage.ts(1398,9): error TS2353: Object literal may only specify known properties, and 'paymentStatus' does not exist in type '{ guestId?: string | SQL<unknown> | PgColumn<ColumnBaseConfig<ColumnDataType, string>, {}, {}>; totalPrice?: string | SQL<unknown> | PgColumn<...>; serviceType?: string | ... 1 more ... | PgColumn<...>; serviceProviderId?: number | ... 1 more ... | PgColumn<...>; scheduledDate?: Date | ... 1 more ... | PgColumn<...>...'.
server/storage.ts(1411,9): error TS2353: Object literal may only specify known properties, and 'status' does not exist in type '{ guestId?: string | SQL<unknown> | PgColumn<ColumnBaseConfig<ColumnDataType, string>, {}, {}>; totalPrice?: string | SQL<unknown> | PgColumn<...>; serviceType?: string | ... 1 more ... | PgColumn<...>; serviceProviderId?: number | ... 1 more ... | PgColumn<...>; scheduledDate?: Date | ... 1 more ... | PgColumn<...>...'.
server/storage.ts(1429,15): error TS2769: No overload matches this call.
  Overload 1 of 2, '(value: { rating: number | SQL<unknown> | Placeholder<string, any>; reviewerId: string | SQL<unknown> | Placeholder<string, any>; serviceProviderId: number | SQL<...> | Placeholder<...>; serviceBookingId: number | ... 1 more ... | Placeholder<...>; }): PgInsertBase<...>', gave the following error.
    Argument of type '{}' is not assignable to parameter of type '{ rating: number | SQL<unknown> | Placeholder<string, any>; reviewerId: string | SQL<unknown> | Placeholder<string, any>; serviceProviderId: number | SQL<...> | Placeholder<...>; serviceBookingId: number | ... 1 more ... | Placeholder<...>; }'.
      Type '{}' is missing the following properties from type '{ rating: number | SQL<unknown> | Placeholder<string, any>; reviewerId: string | SQL<unknown> | Placeholder<string, any>; serviceProviderId: number | SQL<...> | Placeholder<...>; serviceBookingId: number | ... 1 more ... | Placeholder<...>; }': rating, reviewerId, serviceProviderId, serviceBookingId
  Overload 2 of 2, '(values: { rating: number | SQL<unknown> | Placeholder<string, any>; reviewerId: string | SQL<unknown> | Placeholder<string, any>; serviceProviderId: number | SQL<...> | Placeholder<...>; serviceBookingId: number | ... 1 more ... | Placeholder<...>; }[]): PgInsertBase<...>', gave the following error.
    Argument of type '{}' is not assignable to parameter of type '{ rating: number | SQL<unknown> | Placeholder<string, any>; reviewerId: string | SQL<unknown> | Placeholder<string, any>; serviceProviderId: number | SQL<...> | Placeholder<...>; serviceBookingId: number | ... 1 more ... | Placeholder<...>; }[]'.
      Type '{}' is missing the following properties from type '{ rating: number | SQL<unknown> | Placeholder<string, any>; reviewerId: string | SQL<unknown> | Placeholder<string, any>; serviceProviderId: number | SQL<...> | Placeholder<...>; serviceBookingId: number | ... 1 more ... | Placeholder<...>; }[]': length, pop, push, concat, and 29 more.
server/storage.ts(1433,51): error TS2339: Property 'serviceProviderId' does not exist on type '{}'.
server/storage.ts(1462,27): error TS2769: No overload matches this call.
  Overload 1 of 2, '(value: { phoneNumber: string | SQL<unknown> | Placeholder<string, any>; userId: string | SQL<unknown> | Placeholder<string, any>; city: string | SQL<unknown> | Placeholder<...>; fullName: string | ... 1 more ... | Placeholder<...>; telebirrAccount: string | ... 1 more ... | Placeholder<...>; }): PgInsertBase<...>', gave the following error.
    Object literal may only specify known properties, and 'referralCode' does not exist in type '{ phoneNumber: string | SQL<unknown> | Placeholder<string, any>; userId: string | SQL<unknown> | Placeholder<string, any>; city: string | SQL<unknown> | Placeholder<...>; fullName: string | ... 1 more ... | Placeholder<...>; telebirrAccount: string | ... 1 more ... | Placeholder<...>; }'.
  Overload 2 of 2, '(values: { phoneNumber: string | SQL<unknown> | Placeholder<string, any>; userId: string | SQL<unknown> | Placeholder<string, any>; city: string | SQL<unknown> | Placeholder<...>; fullName: string | ... 1 more ... | Placeholder<...>; telebirrAccount: string | ... 1 more ... | Placeholder<...>; }[]): PgInsertBase<...>', gave the following error.
    Object literal may only specify known properties, and 'referralCode' does not exist in type '{ phoneNumber: string | SQL<unknown> | Placeholder<string, any>; userId: string | SQL<unknown> | Placeholder<string, any>; city: string | SQL<unknown> | Placeholder<...>; fullName: string | ... 1 more ... | Placeholder<...>; telebirrAccount: string | ... 1 more ... | Placeholder<...>; }[]'.
server/storage.ts(1511,9): error TS2353: Object literal may only specify known properties, and 'status' does not exist in type '{ phoneNumber?: string | SQL<unknown> | PgColumn<ColumnBaseConfig<ColumnDataType, string>, {}, {}>; userId?: string | SQL<unknown> | PgColumn<...>; city?: string | ... 1 more ... | PgColumn<...>; fullName?: string | ... 1 more ... | PgColumn<...>; telebirrAccount?: string | ... 1 more ... | PgColumn<...>; }'.
server/storage.ts(1535,8): error TS2769: No overload matches this call.
  Overload 1 of 2, '(value: { propertyId: number | SQL<unknown> | Placeholder<string, any>; agentId: number | SQL<unknown> | Placeholder<string, any>; }): PgInsertBase<PgTableWithColumns<{ name: "agent_properties"; schema: undefined; columns: { ...; }; dialect: "pg"; }>, ... 4 more ..., never>', gave the following error.
    Object literal may only specify known properties, and 'isActive' does not exist in type '{ propertyId: number | SQL<unknown> | Placeholder<string, any>; agentId: number | SQL<unknown> | Placeholder<string, any>; }'.
  Overload 2 of 2, '(values: { propertyId: number | SQL<unknown> | Placeholder<string, any>; agentId: number | SQL<unknown> | Placeholder<string, any>; }[]): PgInsertBase<PgTableWithColumns<{ name: "agent_properties"; schema: undefined; columns: { ...; }; dialect: "pg"; }>, ... 4 more ..., never>', gave the following error.
    Object literal may only specify known properties, and 'agentId' does not exist in type '{ propertyId: number | SQL<unknown> | Placeholder<string, any>; agentId: number | SQL<unknown> | Placeholder<string, any>; }[]'.
server/storage.ts(1546,9): error TS2353: Object literal may only specify known properties, and 'totalProperties' does not exist in type '{ phoneNumber?: string | SQL<unknown> | PgColumn<ColumnBaseConfig<ColumnDataType, string>, {}, {}>; userId?: string | SQL<unknown> | PgColumn<...>; city?: string | ... 1 more ... | PgColumn<...>; fullName?: string | ... 1 more ... | PgColumn<...>; telebirrAccount?: string | ... 1 more ... | PgColumn<...>; }'.
server/storage.ts(1583,11): error TS2353: Object literal may only specify known properties, and 'firstBookingDate' does not exist in type '{ propertyId?: number | SQL<unknown> | PgColumn<ColumnBaseConfig<ColumnDataType, string>, {}, {}>; agentId?: number | SQL<unknown> | PgColumn<...>; }'.
server/storage.ts(1599,16): error TS2353: Object literal may only specify known properties, and 'isActive' does not exist in type '{ propertyId?: number | SQL<unknown> | PgColumn<ColumnBaseConfig<ColumnDataType, string>, {}, {}>; agentId?: number | SQL<unknown> | PgColumn<...>; }'.
server/storage.ts(1623,8): error TS2769: No overload matches this call.
  Overload 1 of 2, '(value: { propertyId: number | SQL<unknown> | Placeholder<string, any>; bookingId: number | SQL<unknown> | Placeholder<string, any>; agentId: number | SQL<unknown> | Placeholder<...>; bookingTotal: string | ... 1 more ... | Placeholder<...>; commissionAmount: string | ... 1 more ... | Placeholder<...>; }): PgInsertBase<...>', gave the following error.
    Object literal may only specify known properties, and 'commissionRate' does not exist in type '{ propertyId: number | SQL<unknown> | Placeholder<string, any>; bookingId: number | SQL<unknown> | Placeholder<string, any>; agentId: number | SQL<unknown> | Placeholder<...>; bookingTotal: string | ... 1 more ... | Placeholder<...>; commissionAmount: string | ... 1 more ... | Placeholder<...>; }'.
  Overload 2 of 2, '(values: { propertyId: number | SQL<unknown> | Placeholder<string, any>; bookingId: number | SQL<unknown> | Placeholder<string, any>; agentId: number | SQL<unknown> | Placeholder<...>; bookingTotal: string | ... 1 more ... | Placeholder<...>; commissionAmount: string | ... 1 more ... | Placeholder<...>; }[]): PgInsertBase<...>', gave the following error.
    Object literal may only specify known properties, and 'agentId' does not exist in type '{ propertyId: number | SQL<unknown> | Placeholder<string, any>; bookingId: number | SQL<unknown> | Placeholder<string, any>; agentId: number | SQL<unknown> | Placeholder<...>; bookingTotal: string | ... 1 more ... | Placeholder<...>; commissionAmount: string | ... 1 more ... | Placeholder<...>; }[]'.
server/storage.ts(1638,9): error TS2353: Object literal may only specify known properties, and 'totalBookings' does not exist in type '{ propertyId?: number | SQL<unknown> | PgColumn<ColumnBaseConfig<ColumnDataType, string>, {}, {}>; agentId?: number | SQL<unknown> | PgColumn<...>; }'.
server/storage.ts(1647,9): error TS2353: Object literal may only specify known properties, and 'totalEarnings' does not exist in type '{ phoneNumber?: string | SQL<unknown> | PgColumn<ColumnBaseConfig<ColumnDataType, string>, {}, {}>; userId?: string | SQL<unknown> | PgColumn<...>; city?: string | ... 1 more ... | PgColumn<...>; fullName?: string | ... 1 more ... | PgColumn<...>; telebirrAccount?: string | ... 1 more ... | PgColumn<...>; }'.
server/storage.ts(1657,11): error TS2353: Object literal may only specify known properties, and 'totalCommissionEarned' does not exist in type '{ agentId?: number | SQL<unknown> | PgColumn<ColumnBaseConfig<ColumnDataType, string>, {}, {}>; }'.
server/storage.ts(1675,11): error TS2353: Object literal may only specify known properties, and 'totalCommissionEarned' does not exist in type '{ agentId?: number | SQL<unknown> | PgColumn<ColumnBaseConfig<ColumnDataType, string>, {}, {}>; }'.
server/storage.ts(1765,8): error TS2769: No overload matches this call.
  Overload 1 of 2, '(value: { agentId: number | SQL<unknown> | Placeholder<string, any>; }): PgInsertBase<PgTableWithColumns<{ name: "agent_performance"; schema: undefined; columns: { id: PgColumn<{ name: "id"; tableName: "agent_performance"; ... 12 more ...; generated: undefined; }, {}, {}>; ... 16 more ...; updatedAt: PgColumn<...>; }; dialect: "pg"; }>, ... 4 more ..., never>', gave the following error.
    Object literal may only specify known properties, and 'totalCommissionEarned' does not exist in type '{ agentId: number | SQL<unknown> | Placeholder<string, any>; }'.
  Overload 2 of 2, '(values: { agentId: number | SQL<unknown> | Placeholder<string, any>; }[]): PgInsertBase<PgTableWithColumns<{ name: "agent_performance"; schema: undefined; columns: { id: PgColumn<{ name: "id"; tableName: "agent_performance"; ... 12 more ...; generated: undefined; }, {}, {}>; ... 16 more ...; updatedAt: PgColumn<...>; }; dialect: "pg"; }>, ... 4 more ..., never>', gave the following error.
    Object literal may only specify known properties, and 'agentId' does not exist in type '{ agentId: number | SQL<unknown> | Placeholder<string, any>; }[]'.
server/storage.ts(1822,13): error TS2339: Property 'agentId' does not exist on type '{}'.
server/storage.ts(1822,22): error TS2339: Property 'amount' does not exist on type '{}'.
server/storage.ts(1852,15): error TS2769: No overload matches this call.
  Overload 1 of 2, '(value: { agentId: number | SQL<unknown> | Placeholder<string, any>; amount: string | SQL<unknown> | Placeholder<string, any>; method: string | SQL<unknown> | Placeholder<...>; accountNumber: string | ... 1 more ... | Placeholder<...>; }): PgInsertBase<...>', gave the following error.
    Argument of type '{}' is not assignable to parameter of type '{ agentId: number | SQL<unknown> | Placeholder<string, any>; amount: string | SQL<unknown> | Placeholder<string, any>; method: string | SQL<unknown> | Placeholder<...>; accountNumber: string | ... 1 more ... | Placeholder<...>; }'.
      Type '{}' is missing the following properties from type '{ agentId: number | SQL<unknown> | Placeholder<string, any>; amount: string | SQL<unknown> | Placeholder<string, any>; method: string | SQL<unknown> | Placeholder<...>; accountNumber: string | ... 1 more ... | Placeholder<...>; }': agentId, amount, method, accountNumber
  Overload 2 of 2, '(values: { agentId: number | SQL<unknown> | Placeholder<string, any>; amount: string | SQL<unknown> | Placeholder<string, any>; method: string | SQL<unknown> | Placeholder<...>; accountNumber: string | ... 1 more ... | Placeholder<...>; }[]): PgInsertBase<...>', gave the following error.
    Argument of type '{}' is not assignable to parameter of type '{ agentId: number | SQL<unknown> | Placeholder<string, any>; amount: string | SQL<unknown> | Placeholder<string, any>; method: string | SQL<unknown> | Placeholder<...>; accountNumber: string | ... 1 more ... | Placeholder<...>; }[]'.
      Type '{}' is missing the following properties from type '{ agentId: number | SQL<unknown> | Placeholder<string, any>; amount: string | SQL<unknown> | Placeholder<string, any>; method: string | SQL<unknown> | Placeholder<...>; accountNumber: string | ... 1 more ... | Placeholder<...>; }[]': length, pop, push, concat, and 29 more.
server/storage.ts(1936,11): error TS2353: Object literal may only specify known properties, and 'status' does not exist in type '{ agentId?: number | SQL<unknown> | PgColumn<ColumnBaseConfig<ColumnDataType, string>, {}, {}>; amount?: string | SQL<unknown> | PgColumn<...>; method?: string | ... 1 more ... | PgColumn<...>; accountNumber?: string | ... 1 more ... | PgColumn<...>; }'.
server/storage.ts(1948,11): error TS2353: Object literal may only specify known properties, and 'availableBalance' does not exist in type '{ agentId?: number | SQL<unknown> | PgColumn<ColumnBaseConfig<ColumnDataType, string>, {}, {}>; }'.
server/storage.ts(1960,11): error TS2353: Object literal may only specify known properties, and 'status' does not exist in type '{ agentId?: number | SQL<unknown> | PgColumn<ColumnBaseConfig<ColumnDataType, string>, {}, {}>; amount?: string | SQL<unknown> | PgColumn<...>; method?: string | ... 1 more ... | PgColumn<...>; accountNumber?: string | ... 1 more ... | PgColumn<...>; }'.
server/storage.ts(1995,9): error TS2353: Object literal may only specify known properties, and 'status' does not exist in type '{ propertyId?: number | SQL<unknown> | PgColumn<ColumnBaseConfig<ColumnDataType, string>, {}, {}>; bookingId?: number | SQL<unknown> | PgColumn<...>; agentId?: number | ... 1 more ... | PgColumn<...>; bookingTotal?: string | ... 1 more ... | PgColumn<...>; commissionAmount?: string | ... 1 more ... | PgColumn<...>; }'.
server/storage.ts(2009,9): error TS2353: Object literal may only specify known properties, and 'totalCommissionPending' does not exist in type '{ agentId?: number | SQL<unknown> | PgColumn<ColumnBaseConfig<ColumnDataType, string>, {}, {}>; }'.
server/storage.ts(2057,12): error TS2769: No overload matches this call.
  Overload 1 of 2, '(value: { propertyId: number | SQL<unknown> | Placeholder<string, any>; bookingId: number | SQL<unknown> | Placeholder<string, any>; agentId: number | SQL<unknown> | Placeholder<...>; bookingTotal: string | ... 1 more ... | Placeholder<...>; commissionAmount: string | ... 1 more ... | Placeholder<...>; }): PgInsertBase<...>', gave the following error.
    Object literal may only specify known properties, and 'commissionRate' does not exist in type '{ propertyId: number | SQL<unknown> | Placeholder<string, any>; bookingId: number | SQL<unknown> | Placeholder<string, any>; agentId: number | SQL<unknown> | Placeholder<...>; bookingTotal: string | ... 1 more ... | Placeholder<...>; commissionAmount: string | ... 1 more ... | Placeholder<...>; }'.
  Overload 2 of 2, '(values: { propertyId: number | SQL<unknown> | Placeholder<string, any>; bookingId: number | SQL<unknown> | Placeholder<string, any>; agentId: number | SQL<unknown> | Placeholder<...>; bookingTotal: string | ... 1 more ... | Placeholder<...>; commissionAmount: string | ... 1 more ... | Placeholder<...>; }[]): PgInsertBase<...>', gave the following error.
    Object literal may only specify known properties, and 'agentId' does not exist in type '{ propertyId: number | SQL<unknown> | Placeholder<string, any>; bookingId: number | SQL<unknown> | Placeholder<string, any>; agentId: number | SQL<unknown> | Placeholder<...>; bookingTotal: string | ... 1 more ... | Placeholder<...>; commissionAmount: string | ... 1 more ... | Placeholder<...>; }[]'.
server/storage.ts(2073,15): error TS2353: Object literal may only specify known properties, and 'totalCommissionEarned' does not exist in type '{ agentId?: number | SQL<unknown> | PgColumn<ColumnBaseConfig<ColumnDataType, string>, {}, {}>; }'.
server/storage.ts(2084,15): error TS2353: Object literal may only specify known properties, and 'totalCommissionEarned' does not exist in type '{ agentId?: number | SQL<unknown> | PgColumn<ColumnBaseConfig<ColumnDataType, string>, {}, {}>; }'.
server/storage.ts(2094,13): error TS2353: Object literal may only specify known properties, and 'totalEarnings' does not exist in type '{ phoneNumber?: string | SQL<unknown> | PgColumn<ColumnBaseConfig<ColumnDataType, string>, {}, {}>; userId?: string | SQL<unknown> | PgColumn<...>; city?: string | ... 1 more ... | PgColumn<...>; fullName?: string | ... 1 more ... | PgColumn<...>; telebirrAccount?: string | ... 1 more ... | PgColumn<...>; }'.
server/storage.ts(2121,15): error TS2769: No overload matches this call.
  Overload 1 of 2, '(value: { userId: string | SQL<unknown> | Placeholder<string, any>; action: string | SQL<unknown> | Placeholder<string, any>; signatureId: string | SQL<unknown> | Placeholder<...>; signatureHash: string | ... 1 more ... | Placeholder<...>; }): PgInsertBase<...>', gave the following error.
    Argument of type '{}' is not assignable to parameter of type '{ userId: string | SQL<unknown> | Placeholder<string, any>; action: string | SQL<unknown> | Placeholder<string, any>; signatureId: string | SQL<unknown> | Placeholder<...>; signatureHash: string | ... 1 more ... | Placeholder<...>; }'.
      Type '{}' is missing the following properties from type '{ userId: string | SQL<unknown> | Placeholder<string, any>; action: string | SQL<unknown> | Placeholder<string, any>; signatureId: string | SQL<unknown> | Placeholder<...>; signatureHash: string | ... 1 more ... | Placeholder<...>; }': userId, action, signatureId, signatureHash
  Overload 2 of 2, '(values: { userId: string | SQL<unknown> | Placeholder<string, any>; action: string | SQL<unknown> | Placeholder<string, any>; signatureId: string | SQL<unknown> | Placeholder<...>; signatureHash: string | ... 1 more ... | Placeholder<...>; }[]): PgInsertBase<...>', gave the following error.
    Argument of type '{}' is not assignable to parameter of type '{ userId: string | SQL<unknown> | Placeholder<string, any>; action: string | SQL<unknown> | Placeholder<string, any>; signatureId: string | SQL<unknown> | Placeholder<...>; signatureHash: string | ... 1 more ... | Placeholder<...>; }[]'.
      Type '{}' is missing the following properties from type '{ userId: string | SQL<unknown> | Placeholder<string, any>; action: string | SQL<unknown> | Placeholder<string, any>; signatureId: string | SQL<unknown> | Placeholder<...>; signatureHash: string | ... 1 more ... | Placeholder<...>; }[]': length, pop, push, concat, and 29 more.
server/storage.ts(2222,15): error TS2769: No overload matches this call.
  Overload 1 of 2, '(value: { action: string | SQL<unknown> | Placeholder<string, any>; adminUserId: string | SQL<unknown> | Placeholder<string, any>; }): PgInsertBase<PgTableWithColumns<{ name: "dashboard_access_logs"; schema: undefined; columns: { ...; }; dialect: "pg"; }>, ... 4 more ..., never>', gave the following error.
    Argument of type '{}' is not assignable to parameter of type '{ action: string | SQL<unknown> | Placeholder<string, any>; adminUserId: string | SQL<unknown> | Placeholder<string, any>; }'.
      Type '{}' is missing the following properties from type '{ action: string | SQL<unknown> | Placeholder<string, any>; adminUserId: string | SQL<unknown> | Placeholder<string, any>; }': action, adminUserId
  Overload 2 of 2, '(values: { action: string | SQL<unknown> | Placeholder<string, any>; adminUserId: string | SQL<unknown> | Placeholder<string, any>; }[]): PgInsertBase<PgTableWithColumns<{ name: "dashboard_access_logs"; schema: undefined; columns: { ...; }; dialect: "pg"; }>, ... 4 more ..., never>', gave the following error.
    Argument of type '{}' is not assignable to parameter of type '{ action: string | SQL<unknown> | Placeholder<string, any>; adminUserId: string | SQL<unknown> | Placeholder<string, any>; }[]'.
      Type '{}' is missing the following properties from type '{ action: string | SQL<unknown> | Placeholder<string, any>; adminUserId: string | SQL<unknown> | Placeholder<string, any>; }[]': length, pop, push, concat, and 29 more.
server/storage.ts(2342,9): error TS2353: Object literal may only specify known properties, and 'resolved' does not exist in type '{ signatureId?: string | SQL<unknown> | PgColumn<ColumnBaseConfig<ColumnDataType, string>, {}, {}>; category?: string | SQL<unknown> | PgColumn<...>; }'.
server/storage.ts(2348,42): error TS2769: No overload matches this call.
  Overload 1 of 2, '(value: { action: string | SQL<unknown> | Placeholder<string, any>; adminUserId: string | SQL<unknown> | Placeholder<string, any>; }): PgInsertBase<PgTableWithColumns<{ name: "dashboard_access_logs"; schema: undefined; columns: { ...; }; dialect: "pg"; }>, ... 4 more ..., never>', gave the following error.
    Object literal may only specify known properties, and 'metadata' does not exist in type '{ action: string | SQL<unknown> | Placeholder<string, any>; adminUserId: string | SQL<unknown> | Placeholder<string, any>; }'.
  Overload 2 of 2, '(values: { action: string | SQL<unknown> | Placeholder<string, any>; adminUserId: string | SQL<unknown> | Placeholder<string, any>; }[]): PgInsertBase<PgTableWithColumns<{ name: "dashboard_access_logs"; schema: undefined; columns: { ...; }; dialect: "pg"; }>, ... 4 more ..., never>', gave the following error.
    Object literal may only specify known properties, and 'adminUserId' does not exist in type '{ action: string | SQL<unknown> | Placeholder<string, any>; adminUserId: string | SQL<unknown> | Placeholder<string, any>; }[]'.
server/storage.ts(2386,39): error TS2769: No overload matches this call.
  Overload 1 of 2, '(value: { role: string | SQL<unknown> | Placeholder<string, any>; userId: string | SQL<unknown> | Placeholder<string, any>; }): PgInsertBase<PgTableWithColumns<{ name: "user_onboarding"; schema: undefined; columns: { ...; }; dialect: "pg"; }>, ... 4 more ..., never>', gave the following error.
    Object literal may only specify known properties, and 'lastInteractionAt' does not exist in type '{ role: string | SQL<unknown> | Placeholder<string, any>; userId: string | SQL<unknown> | Placeholder<string, any>; }'.
  Overload 2 of 2, '(values: { role: string | SQL<unknown> | Placeholder<string, any>; userId: string | SQL<unknown> | Placeholder<string, any>; }[]): PgInsertBase<PgTableWithColumns<{ name: "user_onboarding"; schema: undefined; columns: { ...; }; dialect: "pg"; }>, ... 4 more ..., never>', gave the following error.
    Object literal may only specify known properties, and 'userId' does not exist in type '{ role: string | SQL<unknown> | Placeholder<string, any>; userId: string | SQL<unknown> | Placeholder<string, any>; }[]'.
server/storage.ts(2398,11): error TS2353: Object literal may only specify known properties, and 'lastInteractionAt' does not exist in type '{ role?: string | SQL<unknown> | PgColumn<ColumnBaseConfig<ColumnDataType, string>, {}, {}>; userId?: string | SQL<unknown> | PgColumn<ColumnBaseConfig<ColumnDataType, string>, {}, {}>; }'.
server/storage.ts(2408,9): error TS2353: Object literal may only specify known properties, and 'onboardingCompleted' does not exist in type '{ role?: string | SQL<unknown> | PgColumn<ColumnBaseConfig<ColumnDataType, string>, {}, {}>; userId?: string | SQL<unknown> | PgColumn<ColumnBaseConfig<ColumnDataType, string>, {}, {}>; }'.
server/utils/email.ts(25,47): error TS2339: Property 'items' does not exist on type 'unknown'.
server/utils/integrityAlerts.ts(28,47): error TS2339: Property 'items' does not exist on type 'unknown'.
server/utils/integrityAlerts.ts(115,9): error TS2353: Object literal may only specify known properties, and 'lastSeenAt' does not exist in type '{ signatureId?: string | SQL<unknown> | PgColumn<ColumnBaseConfig<ColumnDataType, string>, {}, {}>; category?: string | SQL<unknown> | PgColumn<...>; }'.
server/utils/integrityAlerts.ts(124,38): error TS2769: No overload matches this call.
  Overload 1 of 2, '(value: { signatureId: string | SQL<unknown> | Placeholder<string, any>; category: string | SQL<unknown> | Placeholder<string, any>; }): PgInsertBase<PgTableWithColumns<{ name: "integrity_alerts"; schema: undefined; columns: { ...; }; dialect: "pg"; }>, ... 4 more ..., never>', gave the following error.
    Object literal may only specify known properties, and 'occurrenceCount' does not exist in type '{ signatureId: string | SQL<unknown> | Placeholder<string, any>; category: string | SQL<unknown> | Placeholder<string, any>; }'.
  Overload 2 of 2, '(values: { signatureId: string | SQL<unknown> | Placeholder<string, any>; category: string | SQL<unknown> | Placeholder<string, any>; }[]): PgInsertBase<PgTableWithColumns<{ name: "integrity_alerts"; schema: undefined; columns: { ...; }; dialect: "pg"; }>, ... 4 more ..., never>', gave the following error.
    Object literal may only specify known properties, and 'signatureId' does not exist in type '{ signatureId: string | SQL<unknown> | Placeholder<string, any>; category: string | SQL<unknown> | Placeholder<string, any>; }[]'.
server/utils/integrityAlerts.ts(430,7): error TS2353: Object literal may only specify known properties, and 'resolved' does not exist in type '{ signatureId?: string | SQL<unknown> | PgColumn<ColumnBaseConfig<ColumnDataType, string>, {}, {}>; category?: string | SQL<unknown> | PgColumn<...>; }'.
server/utils/integrityAlerts.ts(436,40): error TS2769: No overload matches this call.
  Overload 1 of 2, '(value: { action: string | SQL<unknown> | Placeholder<string, any>; adminUserId: string | SQL<unknown> | Placeholder<string, any>; }): PgInsertBase<PgTableWithColumns<{ name: "dashboard_access_logs"; schema: undefined; columns: { ...; }; dialect: "pg"; }>, ... 4 more ..., never>', gave the following error.
    Object literal may only specify known properties, and 'metadata' does not exist in type '{ action: string | SQL<unknown> | Placeholder<string, any>; adminUserId: string | SQL<unknown> | Placeholder<string, any>; }'.
  Overload 2 of 2, '(values: { action: string | SQL<unknown> | Placeholder<string, any>; adminUserId: string | SQL<unknown> | Placeholder<string, any>; }[]): PgInsertBase<PgTableWithColumns<{ name: "dashboard_access_logs"; schema: undefined; columns: { ...; }; dialect: "pg"; }>, ... 4 more ..., never>', gave the following error.
    Object literal may only specify known properties, and 'adminUserId' does not exist in type '{ action: string | SQL<unknown> | Placeholder<string, any>; adminUserId: string | SQL<unknown> | Placeholder<string, any>; }[]'.
server/workflow-automation.ts(53,37): error TS2769: No overload matches this call.
  Overload 1 of 2, '(value: { title: string | SQL<unknown> | Placeholder<string, any>; description: string | SQL<unknown> | Placeholder<string, any>; alertType: string | SQL<unknown> | Placeholder<...>; pillar: string | ... 1 more ... | Placeholder<...>; }): PgInsertBase<...>', gave the following error.
    Object literal may only specify known properties, and 'severity' does not exist in type '{ title: string | SQL<unknown> | Placeholder<string, any>; description: string | SQL<unknown> | Placeholder<string, any>; alertType: string | SQL<unknown> | Placeholder<...>; pillar: string | ... 1 more ... | Placeholder<...>; }'.
  Overload 2 of 2, '(values: { title: string | SQL<unknown> | Placeholder<string, any>; description: string | SQL<unknown> | Placeholder<string, any>; alertType: string | SQL<unknown> | Placeholder<...>; pillar: string | ... 1 more ... | Placeholder<...>; }[]): PgInsertBase<...>', gave the following error.
    Object literal may only specify known properties, and 'alertType' does not exist in type '{ title: string | SQL<unknown> | Placeholder<string, any>; description: string | SQL<unknown> | Placeholder<string, any>; alertType: string | SQL<unknown> | Placeholder<...>; pillar: string | ... 1 more ... | Placeholder<...>; }[]'.
server/workflow-automation.ts(81,9): error TS2769: No overload matches this call.
  Overload 1 of 3, '(left: PgColumn<{ name: "warranty_expiry"; tableName: "hardware_deployments"; dataType: "date"; columnType: "PgTimestamp"; data: Date; driverParam: string; notNull: false; hasDefault: false; isPrimaryKey: false; ... 5 more ...; generated: undefined; }, {}, {}>, right: Date | SQLWrapper): SQL<...>', gave the following error.
    Argument of type 'string' is not assignable to parameter of type 'Date | SQLWrapper'.
  Overload 2 of 3, '(left: Aliased<string>, right: string | SQLWrapper): SQL<unknown>', gave the following error.
    Argument of type 'PgColumn<{ name: "warranty_expiry"; tableName: "hardware_deployments"; dataType: "date"; columnType: "PgTimestamp"; data: Date; driverParam: string; notNull: false; hasDefault: false; isPrimaryKey: false; ... 5 more ...; generated: undefined; }, {}, {}>' is not assignable to parameter of type 'Aliased<string>'.
      Type 'PgColumn<{ name: "warranty_expiry"; tableName: "hardware_deployments"; dataType: "date"; columnType: "PgTimestamp"; data: Date; driverParam: string; notNull: false; hasDefault: false; isPrimaryKey: false; ... 5 more ...; generated: undefined; }, {}, {}>' is missing the following properties from type 'Aliased<string>': sql, fieldAlias
  Overload 3 of 3, '(left: never, right: unknown): SQL<unknown>', gave the following error.
    Argument of type 'PgColumn<{ name: "warranty_expiry"; tableName: "hardware_deployments"; dataType: "date"; columnType: "PgTimestamp"; data: Date; driverParam: string; notNull: false; hasDefault: false; isPrimaryKey: false; ... 5 more ...; generated: undefined; }, {}, {}>' is not assignable to parameter of type 'never'.
server/workflow-automation.ts(82,9): error TS2769: No overload matches this call.
  Overload 1 of 3, '(left: PgColumn<{ name: "warranty_expiry"; tableName: "hardware_deployments"; dataType: "date"; columnType: "PgTimestamp"; data: Date; driverParam: string; notNull: false; hasDefault: false; isPrimaryKey: false; ... 5 more ...; generated: undefined; }, {}, {}>, right: Date | SQLWrapper): SQL<...>', gave the following error.
    Argument of type 'string' is not assignable to parameter of type 'Date | SQLWrapper'.
  Overload 2 of 3, '(left: Aliased<string>, right: string | SQLWrapper): SQL<unknown>', gave the following error.
    Argument of type 'PgColumn<{ name: "warranty_expiry"; tableName: "hardware_deployments"; dataType: "date"; columnType: "PgTimestamp"; data: Date; driverParam: string; notNull: false; hasDefault: false; isPrimaryKey: false; ... 5 more ...; generated: undefined; }, {}, {}>' is not assignable to parameter of type 'Aliased<string>'.
      Type 'PgColumn<{ name: "warranty_expiry"; tableName: "hardware_deployments"; dataType: "date"; columnType: "PgTimestamp"; data: Date; driverParam: string; notNull: false; hasDefault: false; isPrimaryKey: false; ... 5 more ...; generated: undefined; }, {}, {}>' is missing the following properties from type 'Aliased<string>': sql, fieldAlias
  Overload 3 of 3, '(left: never, right: unknown): SQL<unknown>', gave the following error.
    Argument of type 'PgColumn<{ name: "warranty_expiry"; tableName: "hardware_deployments"; dataType: "date"; columnType: "PgTimestamp"; data: Date; driverParam: string; notNull: false; hasDefault: false; isPrimaryKey: false; ... 5 more ...; generated: undefined; }, {}, {}>' is not assignable to parameter of type 'never'.
server/workflow-automation.ts(101,37): error TS2769: No overload matches this call.
  Overload 1 of 2, '(value: { title: string | SQL<unknown> | Placeholder<string, any>; description: string | SQL<unknown> | Placeholder<string, any>; alertType: string | SQL<unknown> | Placeholder<...>; pillar: string | ... 1 more ... | Placeholder<...>; }): PgInsertBase<...>', gave the following error.
    Object literal may only specify known properties, and 'severity' does not exist in type '{ title: string | SQL<unknown> | Placeholder<string, any>; description: string | SQL<unknown> | Placeholder<string, any>; alertType: string | SQL<unknown> | Placeholder<...>; pillar: string | ... 1 more ... | Placeholder<...>; }'.
  Overload 2 of 2, '(values: { title: string | SQL<unknown> | Placeholder<string, any>; description: string | SQL<unknown> | Placeholder<string, any>; alertType: string | SQL<unknown> | Placeholder<...>; pillar: string | ... 1 more ... | Placeholder<...>; }[]): PgInsertBase<...>', gave the following error.
    Object literal may only specify known properties, and 'alertType' does not exist in type '{ title: string | SQL<unknown> | Placeholder<string, any>; description: string | SQL<unknown> | Placeholder<string, any>; alertType: string | SQL<unknown> | Placeholder<...>; pillar: string | ... 1 more ... | Placeholder<...>; }[]'.
server/workflow-automation.ts(129,9): error TS2769: No overload matches this call.
  Overload 1 of 3, '(left: PgColumn<{ name: "created_at"; tableName: "payment_transactions"; dataType: "date"; columnType: "PgTimestamp"; data: Date; driverParam: string; notNull: false; hasDefault: true; isPrimaryKey: false; ... 5 more ...; generated: undefined; }, {}, {}>, right: Date | SQLWrapper): SQL<...>', gave the following error.
    Argument of type 'string' is not assignable to parameter of type 'Date | SQLWrapper'.
  Overload 2 of 3, '(left: Aliased<string>, right: string | SQLWrapper): SQL<unknown>', gave the following error.
    Argument of type 'PgColumn<{ name: "created_at"; tableName: "payment_transactions"; dataType: "date"; columnType: "PgTimestamp"; data: Date; driverParam: string; notNull: false; hasDefault: true; isPrimaryKey: false; ... 5 more ...; generated: undefined; }, {}, {}>' is not assignable to parameter of type 'Aliased<string>'.
      Type 'PgColumn<{ name: "created_at"; tableName: "payment_transactions"; dataType: "date"; columnType: "PgTimestamp"; data: Date; driverParam: string; notNull: false; hasDefault: true; isPrimaryKey: false; ... 5 more ...; generated: undefined; }, {}, {}>' is missing the following properties from type 'Aliased<string>': sql, fieldAlias
  Overload 3 of 3, '(left: never, right: unknown): SQL<unknown>', gave the following error.
    Argument of type 'PgColumn<{ name: "created_at"; tableName: "payment_transactions"; dataType: "date"; columnType: "PgTimestamp"; data: Date; driverParam: string; notNull: false; hasDefault: true; isPrimaryKey: false; ... 5 more ...; generated: undefined; }, {}, {}>' is not assignable to parameter of type 'never'.
server/workflow-automation.ts(148,37): error TS2769: No overload matches this call.
  Overload 1 of 2, '(value: { title: string | SQL<unknown> | Placeholder<string, any>; description: string | SQL<unknown> | Placeholder<string, any>; alertType: string | SQL<unknown> | Placeholder<...>; pillar: string | ... 1 more ... | Placeholder<...>; }): PgInsertBase<...>', gave the following error.
    Object literal may only specify known properties, and 'severity' does not exist in type '{ title: string | SQL<unknown> | Placeholder<string, any>; description: string | SQL<unknown> | Placeholder<string, any>; alertType: string | SQL<unknown> | Placeholder<...>; pillar: string | ... 1 more ... | Placeholder<...>; }'.
  Overload 2 of 2, '(values: { title: string | SQL<unknown> | Placeholder<string, any>; description: string | SQL<unknown> | Placeholder<string, any>; alertType: string | SQL<unknown> | Placeholder<...>; pillar: string | ... 1 more ... | Placeholder<...>; }[]): PgInsertBase<...>', gave the following error.
    Object literal may only specify known properties, and 'alertType' does not exist in type '{ title: string | SQL<unknown> | Placeholder<string, any>; description: string | SQL<unknown> | Placeholder<string, any>; alertType: string | SQL<unknown> | Placeholder<...>; pillar: string | ... 1 more ... | Placeholder<...>; }[]'.
server/workflow-automation.ts(176,23): error TS2339: Property 'operatorVerified' does not exist on type 'PgTableWithColumns<{ name: "properties"; schema: undefined; columns: { id: PgColumn<{ name: "id"; tableName: "properties"; dataType: "number"; columnType: "PgSerial"; data: number; driverParam: number; notNull: true; hasDefault: true; ... 6 more ...; generated: undefined; }, {}, {}>; ... 29 more ...; updatedAt: PgCo...'.
server/workflow-automation.ts(177,9): error TS2769: No overload matches this call.
  Overload 1 of 3, '(left: PgColumn<{ name: "created_at"; tableName: "properties"; dataType: "date"; columnType: "PgTimestamp"; data: Date; driverParam: string; notNull: false; hasDefault: true; isPrimaryKey: false; ... 5 more ...; generated: undefined; }, {}, {}>, right: Date | SQLWrapper): SQL<...>', gave the following error.
    Argument of type 'string' is not assignable to parameter of type 'Date | SQLWrapper'.
  Overload 2 of 3, '(left: Aliased<string>, right: string | SQLWrapper): SQL<unknown>', gave the following error.
    Argument of type 'PgColumn<{ name: "created_at"; tableName: "properties"; dataType: "date"; columnType: "PgTimestamp"; data: Date; driverParam: string; notNull: false; hasDefault: true; isPrimaryKey: false; isAutoincrement: false; ... 4 more ...; generated: undefined; }, {}, {}>' is not assignable to parameter of type 'Aliased<string>'.
      Type 'PgColumn<{ name: "created_at"; tableName: "properties"; dataType: "date"; columnType: "PgTimestamp"; data: Date; driverParam: string; notNull: false; hasDefault: true; isPrimaryKey: false; isAutoincrement: false; ... 4 more ...; generated: undefined; }, {}, {}>' is missing the following properties from type 'Aliased<string>': sql, fieldAlias
  Overload 3 of 3, '(left: never, right: unknown): SQL<unknown>', gave the following error.
    Argument of type 'PgColumn<{ name: "created_at"; tableName: "properties"; dataType: "date"; columnType: "PgTimestamp"; data: Date; driverParam: string; notNull: false; hasDefault: true; isPrimaryKey: false; isAutoincrement: false; ... 4 more ...; generated: undefined; }, {}, {}>' is not assignable to parameter of type 'never'.
server/workflow-automation.ts(196,37): error TS2769: No overload matches this call.
  Overload 1 of 2, '(value: { title: string | SQL<unknown> | Placeholder<string, any>; description: string | SQL<unknown> | Placeholder<string, any>; alertType: string | SQL<unknown> | Placeholder<...>; pillar: string | ... 1 more ... | Placeholder<...>; }): PgInsertBase<...>', gave the following error.
    Object literal may only specify known properties, and 'severity' does not exist in type '{ title: string | SQL<unknown> | Placeholder<string, any>; description: string | SQL<unknown> | Placeholder<string, any>; alertType: string | SQL<unknown> | Placeholder<...>; pillar: string | ... 1 more ... | Placeholder<...>; }'.
  Overload 2 of 2, '(values: { title: string | SQL<unknown> | Placeholder<string, any>; description: string | SQL<unknown> | Placeholder<string, any>; alertType: string | SQL<unknown> | Placeholder<...>; pillar: string | ... 1 more ... | Placeholder<...>; }[]): PgInsertBase<...>', gave the following error.
    Object literal may only specify known properties, and 'alertType' does not exist in type '{ title: string | SQL<unknown> | Placeholder<string, any>; description: string | SQL<unknown> | Placeholder<string, any>; alertType: string | SQL<unknown> | Placeholder<...>; pillar: string | ... 1 more ... | Placeholder<...>; }[]'.
shared/schema.ts(588,3): error TS2322: Type 'boolean' is not assignable to type 'never'.
shared/schema.ts(589,3): error TS2322: Type 'boolean' is not assignable to type 'never'.
shared/schema.ts(590,3): error TS2322: Type 'boolean' is not assignable to type 'never'.
shared/schema.ts(591,3): error TS2322: Type 'boolean' is not assignable to type 'never'.
shared/schema.ts(592,3): error TS2322: Type 'boolean' is not assignable to type 'never'.
shared/schema.ts(593,3): error TS2322: Type 'boolean' is not assignable to type 'never'.
shared/schema.ts(631,3): error TS2322: Type 'boolean' is not assignable to type 'never'.
shared/schema.ts(632,3): error TS2322: Type 'boolean' is not assignable to type 'never'.
shared/schema.ts(633,3): error TS2322: Type 'boolean' is not assignable to type 'never'.
shared/schema.ts(634,3): error TS2322: Type 'boolean' is not assignable to type 'never'.
shared/schema.ts(635,3): error TS2322: Type 'boolean' is not assignable to type 'never'.
shared/schema.ts(639,3): error TS2322: Type 'boolean' is not assignable to type 'never'.
shared/schema.ts(640,3): error TS2322: Type 'boolean' is not assignable to type 'never'.
shared/schema.ts(641,3): error TS2322: Type 'boolean' is not assignable to type 'never'.
shared/schema.ts(657,3): error TS2322: Type 'boolean' is not assignable to type 'never'.
shared/schema.ts(658,3): error TS2322: Type 'boolean' is not assignable to type 'never'.
shared/schema.ts(659,3): error TS2322: Type 'boolean' is not assignable to type 'never'.
shared/schema.ts(663,3): error TS2322: Type 'boolean' is not assignable to type 'never'.
shared/schema.ts(664,3): error TS2322: Type 'boolean' is not assignable to type 'never'.
shared/schema.ts(668,3): error TS2322: Type 'boolean' is not assignable to type 'never'.
shared/schema.ts(669,3): error TS2322: Type 'boolean' is not assignable to type 'never'.
shared/schema.ts(670,3): error TS2322: Type 'boolean' is not assignable to type 'never'.
shared/schema.ts(674,3): error TS2322: Type 'boolean' is not assignable to type 'never'.
shared/schema.ts(675,3): error TS2322: Type 'boolean' is not assignable to type 'never'.
shared/schema.ts(676,3): error TS2322: Type 'boolean' is not assignable to type 'never'.
shared/schema.ts(680,3): error TS2322: Type 'boolean' is not assignable to type 'never'.
shared/schema.ts(681,3): error TS2322: Type 'boolean' is not assignable to type 'never'.
shared/schema.ts(682,3): error TS2322: Type 'boolean' is not assignable to type 'never'.
shared/schema.ts(702,3): error TS2322: Type 'boolean' is not assignable to type 'never'.
shared/schema.ts(703,3): error TS2322: Type 'boolean' is not assignable to type 'never'.
shared/schema.ts(704,3): error TS2322: Type 'boolean' is not assignable to type 'never'.
shared/schema.ts(705,3): error TS2322: Type 'boolean' is not assignable to type 'never'.
shared/schema.ts(706,3): error TS2322: Type 'boolean' is not assignable to type 'never'.
shared/schema.ts(707,3): error TS2322: Type 'boolean' is not assignable to type 'never'.
shared/schema.ts(708,3): error TS2322: Type 'boolean' is not assignable to type 'never'.
shared/schema.ts(709,3): error TS2322: Type 'boolean' is not assignable to type 'never'.
shared/schema.ts(715,3): error TS2322: Type 'boolean' is not assignable to type 'never'.
shared/schema.ts(716,3): error TS2322: Type 'boolean' is not assignable to type 'never'.
shared/schema.ts(717,3): error TS2322: Type 'boolean' is not assignable to type 'never'.
shared/schema.ts(729,3): error TS2322: Type 'boolean' is not assignable to type 'never'.
shared/schema.ts(730,3): error TS2322: Type 'boolean' is not assignable to type 'never'.
shared/schema.ts(731,3): error TS2322: Type 'boolean' is not assignable to type 'never'.
shared/schema.ts(735,3): error TS2322: Type 'boolean' is not assignable to type 'never'.
shared/schema.ts(736,3): error TS2322: Type 'boolean' is not assignable to type 'never'.
shared/schema.ts(737,3): error TS2322: Type 'boolean' is not assignable to type 'never'.
shared/schema.ts(741,3): error TS2322: Type 'boolean' is not assignable to type 'never'.
shared/schema.ts(742,3): error TS2322: Type 'boolean' is not assignable to type 'never'.
shared/schema.ts(746,3): error TS2322: Type 'boolean' is not assignable to type 'never'.
shared/schema.ts(747,3): error TS2322: Type 'boolean' is not assignable to type 'never'.
shared/schema.ts(748,3): error TS2322: Type 'boolean' is not assignable to type 'never'.
shared/schema.ts(752,3): error TS2322: Type 'boolean' is not assignable to type 'never'.
shared/schema.ts(753,3): error TS2322: Type 'boolean' is not assignable to type 'never'.
shared/schema.ts(1017,3): error TS2322: Type 'boolean' is not assignable to type 'never'.
shared/schema.ts(1018,3): error TS2322: Type 'boolean' is not assignable to type 'never'.
shared/schema.ts(1019,3): error TS2322: Type 'boolean' is not assignable to type 'never'.
shared/schema.ts(1023,3): error TS2322: Type 'boolean' is not assignable to type 'never'.
shared/schema.ts(1024,3): error TS2322: Type 'boolean' is not assignable to type 'never'.
shared/schema.ts(1025,3): error TS2322: Type 'boolean' is not assignable to type 'never'.
shared/schema.ts(1029,3): error TS2322: Type 'boolean' is not assignable to type 'never'.
shared/schema.ts(1030,3): error TS2322: Type 'boolean' is not assignable to type 'never'.
shared/schema.ts(1031,3): error TS2322: Type 'boolean' is not assignable to type 'never'.
shared/schema.ts(1035,3): error TS2322: Type 'boolean' is not assignable to type 'never'.
shared/schema.ts(1036,3): error TS2322: Type 'boolean' is not assignable to type 'never'.
shared/schema.ts(1037,3): error TS2322: Type 'boolean' is not assignable to type 'never'.
shared/schema.ts(1041,3): error TS2322: Type 'boolean' is not assignable to type 'never'.
shared/schema.ts(1042,3): error TS2322: Type 'boolean' is not assignable to type 'never'.
shared/schema.ts(1043,3): error TS2322: Type 'boolean' is not assignable to type 'never'.
shared/schema.ts(1066,3): error TS2322: Type 'boolean' is not assignable to type 'never'.
shared/schema.ts(1067,3): error TS2322: Type 'boolean' is not assignable to type 'never'.
shared/schema.ts(1084,3): error TS2322: Type 'boolean' is not assignable to type 'never'.
shared/schema.ts(1085,3): error TS2322: Type 'boolean' is not assignable to type 'never'.
shared/schema.ts(1106,3): error TS2322: Type 'boolean' is not assignable to type 'never'.
shared/schema.ts(1107,3): error TS2322: Type 'boolean' is not assignable to type 'never'.
shared/schema.ts(1108,3): error TS2322: Type 'boolean' is not assignable to type 'never'.
shared/schema.ts(1147,3): error TS2322: Type 'boolean' is not assignable to type 'never'.
shared/schema.ts(1148,3): error TS2322: Type 'boolean' is not assignable to type 'never'.
shared/schema.ts(1149,3): error TS2322: Type 'boolean' is not assignable to type 'never'.
==> Build failed 