Overload 3 of 3, '(left: never, right: unknown): SQL<unknown>', gave the following error.
    Argument of type 'PgColumn<{ name: "created_at"; tableName: "payment_transactions"; dataType: "date"; columnType: "PgTimestamp"; data: Date; driverParam: string; notNull: false; hasDefault: true; isPrimaryKey: false; ... 5 more ...; generated: undefined; }, {}, {}>' is not assignable to parameter of type 'never'.
server/workflow-automation.ts(176,23): error TS2339: Property 'operatorVerified' does not exist on type 'PgTableWithColumns<{ name: "properties"; schema: undefined; columns: { id: PgColumn<{ name: "id"; tableName: "properties"; dataType: "number"; columnType: "PgSerial"; data: number; driverParam: number; notNull: true; hasDefault: true; ... 6 more ...; generated: undefined; }, {}, {}>; ... 29 more ...; updatedAt: PgCo...'.
server/workflow-automation.ts(177,9): error TS2769: No overload matches this call.
  Overload 1 of 3, '(left: PgColumn<{ name: "created_at"; tableName: "properties"; dataType: "date"; columnType: "PgTimestamp"; data: Date; driverParam: string; notNull: false; hasDefault: true; isPrimaryKey: false; ... 5 more ...; generated: undefined; }, {}, {}>, right: Date | SQLWrapper): SQL<...>', gave the following error.
    Argument of type 'string' is not assignable to parameter of type 'Date | SQLWrapper'.
  Overload 2 of 3, '(left: Aliased<string>, right: string | SQLWrapper): SQL<unknown>', gave the following error.
    Argument of type 'PgColumn<{ name: "created_at"; tableName: "properties"; dataType: "date"; columnType: "PgTimestamp"; data: Date; driverParam: string; notNull: false; hasDefault: true; isPrimaryKey: false; isAutoincrement: false; ... 4 more ...; generated: undefined; }, {}, {}>' is not assignable to parameter of type 'Aliased<string>'.
      Type 'PgColumn<{ name: "created_at"; tableName: "properties"; dataType: "date"; columnType: "PgTimestamp"; data: Date; driverParam: string; notNull: false; hasDefault: true; isPrimaryKey: false; isAutoincrement: false; ... 4 more ...; generated: undefined; }, {}, {}>' is missing the following properties from type 'Aliased<string>': sql, fieldAlias
  Overload 3 of 3, '(left: never, right: unknown): SQL<unknown>', gave the following error.
    Argument of type 'PgColumn<{ name: "created_at"; tableName: "properties"; dataType: "date"; columnType: "PgTimestamp"; data: Date; driverParam: string; notNull: false; hasDefault: true; isPrimaryKey: false; isAutoincrement: false; ... 4 more ...; generated: undefined; }, {}, {}>' is not assignable to parameter of type 'never'.
shared/schema.ts(588,3): error TS2322: Type 'boolean' is not assignable to type 'never'.
shared/schema.ts(589,3): error TS2322: Type 'boolean' is not assignable to type 'never'.
shared/schema.ts(590,3): error TS2322: Type 'boolean' is not assignable to type 'never'.
shared/schema.ts(591,3): error TS2322: Type 'boolean' is not assignable to type 'never'.
shared/schema.ts(592,3): error TS2322: Type 'boolean' is not assignable to type 'never'.
shared/schema.ts(593,3): error TS2322: Type 'boolean' is not assignable to type 'never'.
shared/schema.ts(631,3): error TS2322: Type 'boolean' is not assignable to type 'never'.
shared/schema.ts(632,3): error TS2322: Type 'boolean' is not assignable to type 'never'.
shared/schema.ts(633,3): error TS2322: Type 'boolean' is not assignable to type 'never'.
shared/schema.ts(634,3): error TS2322: Type 'boolean' is not assignable to type 'never'.
shared/schema.ts(635,3): error TS2322: Type 'boolean' is not assignable to type 'never'.
shared/schema.ts(639,3): error TS2322: Type 'boolean' is not assignable to type 'never'.
shared/schema.ts(640,3): error TS2322: Type 'boolean' is not assignable to type 'never'.
shared/schema.ts(641,3): error TS2322: Type 'boolean' is not assignable to type 'never'.
shared/schema.ts(657,3): error TS2322: Type 'boolean' is not assignable to type 'never'.
shared/schema.ts(658,3): error TS2322: Type 'boolean' is not assignable to type 'never'.
shared/schema.ts(659,3): error TS2322: Type 'boolean' is not assignable to type 'never'.
shared/schema.ts(663,3): error TS2322: Type 'boolean' is not assignable to type 'never'.
shared/schema.ts(664,3): error TS2322: Type 'boolean' is not assignable to type 'never'.
shared/schema.ts(668,3): error TS2322: Type 'boolean' is not assignable to type 'never'.
shared/schema.ts(669,3): error TS2322: Type 'boolean' is not assignable to type 'never'.
shared/schema.ts(670,3): error TS2322: Type 'boolean' is not assignable to type 'never'.
shared/schema.ts(674,3): error TS2322: Type 'boolean' is not assignable to type 'never'.
shared/schema.ts(675,3): error TS2322: Type 'boolean' is not assignable to type 'never'.
shared/schema.ts(676,3): error TS2322: Type 'boolean' is not assignable to type 'never'.
shared/schema.ts(680,3): error TS2322: Type 'boolean' is not assignable to type 'never'.
shared/schema.ts(681,3): error TS2322: Type 'boolean' is not assignable to type 'never'.
shared/schema.ts(682,3): error TS2322: Type 'boolean' is not assignable to type 'never'.
shared/schema.ts(702,3): error TS2322: Type 'boolean' is not assignable to type 'never'.
shared/schema.ts(703,3): error TS2322: Type 'boolean' is not assignable to type 'never'.
shared/schema.ts(704,3): error TS2322: Type 'boolean' is not assignable to type 'never'.
shared/schema.ts(705,3): error TS2322: Type 'boolean' is not assignable to type 'never'.
shared/schema.ts(706,3): error TS2322: Type 'boolean' is not assignable to type 'never'.
shared/schema.ts(707,3): error TS2322: Type 'boolean' is not assignable to type 'never'.
shared/schema.ts(708,3): error TS2322: Type 'boolean' is not assignable to type 'never'.
shared/schema.ts(709,3): error TS2322: Type 'boolean' is not assignable to type 'never'.
shared/schema.ts(715,3): error TS2322: Type 'boolean' is not assignable to type 'never'.
shared/schema.ts(716,3): error TS2322: Type 'boolean' is not assignable to type 'never'.
shared/schema.ts(717,3): error TS2322: Type 'boolean' is not assignable to type 'never'.
shared/schema.ts(729,3): error TS2322: Type 'boolean' is not assignable to type 'never'.
shared/schema.ts(730,3): error TS2322: Type 'boolean' is not assignable to type 'never'.
shared/schema.ts(731,3): error TS2322: Type 'boolean' is not assignable to type 'never'.
shared/schema.ts(735,3): error TS2322: Type 'boolean' is not assignable to type 'never'.
shared/schema.ts(736,3): error TS2322: Type 'boolean' is not assignable to type 'never'.
shared/schema.ts(737,3): error TS2322: Type 'boolean' is not assignable to type 'never'.
shared/schema.ts(741,3): error TS2322: Type 'boolean' is not assignable to type 'never'.
shared/schema.ts(742,3): error TS2322: Type 'boolean' is not assignable to type 'never'.
shared/schema.ts(746,3): error TS2322: Type 'boolean' is not assignable to type 'never'.
shared/schema.ts(747,3): error TS2322: Type 'boolean' is not assignable to type 'never'.
shared/schema.ts(748,3): error TS2322: Type 'boolean' is not assignable to type 'never'.
shared/schema.ts(752,3): error TS2322: Type 'boolean' is not assignable to type 'never'.
shared/schema.ts(753,3): error TS2322: Type 'boolean' is not assignable to type 'never'.
shared/schema.ts(1017,3): error TS2322: Type 'boolean' is not assignable to type 'never'.
shared/schema.ts(1018,3): error TS2322: Type 'boolean' is not assignable to type 'never'.
shared/schema.ts(1019,3): error TS2322: Type 'boolean' is not assignable to type 'never'.
shared/schema.ts(1023,3): error TS2322: Type 'boolean' is not assignable to type 'never'.
shared/schema.ts(1024,3): error TS2322: Type 'boolean' is not assignable to type 'never'.
shared/schema.ts(1025,3): error TS2322: Type 'boolean' is not assignable to type 'never'.
shared/schema.ts(1029,3): error TS2322: Type 'boolean' is not assignable to type 'never'.
shared/schema.ts(1030,3): error TS2322: Type 'boolean' is not assignable to type 'never'.
shared/schema.ts(1031,3): error TS2322: Type 'boolean' is not assignable to type 'never'.
shared/schema.ts(1035,3): error TS2322: Type 'boolean' is not assignable to type 'never'.
shared/schema.ts(1036,3): error TS2322: Type 'boolean' is not assignable to type 'never'.
shared/schema.ts(1037,3): error TS2322: Type 'boolean' is not assignable to type 'never'.
shared/schema.ts(1041,3): error TS2322: Type 'boolean' is not assignable to type 'never'.
shared/schema.ts(1042,3): error TS2322: Type 'boolean' is not assignable to type 'never'.
shared/schema.ts(1043,3): error TS2322: Type 'boolean' is not assignable to type 'never'.
shared/schema.ts(1066,3): error TS2322: Type 'boolean' is not assignable to type 'never'.
shared/schema.ts(1067,3): error TS2322: Type 'boolean' is not assignable to type 'never'.
shared/schema.ts(1084,3): error TS2322: Type 'boolean' is not assignable to type 'never'.
shared/schema.ts(1085,3): error TS2322: Type 'boolean' is not assignable to type 'never'.
shared/schema.ts(1106,3): error TS2322: Type 'boolean' is not assignable to type 'never'.
shared/schema.ts(1107,3): error TS2322: Type 'boolean' is not assignable to type 'never'.
shared/schema.ts(1108,3): error TS2322: Type 'boolean' is not assignable to type 'never'.
shared/schema.ts(1147,3): error TS2322: Type 'boolean' is not assignable to type 'never'.
shared/schema.ts(1148,3): error TS2322: Type 'boolean' is not assignable to type 'never'.
shared/schema.ts(1149,3): error TS2322: Type 'boolean' is not assignable to type 'never'.
âœ“ Backend build complete - JavaScript generated
==> Uploading build...
==> Uploaded in 17.9s. Compression took 62.7s
==> Build successful ðŸŽ‰
==> Deploying...
Need better ways to work with logs? Try theRender CLI, Ren